  gameboy.cpp
c:\users\adminuser.useradmin-pc\documents\visual studio 2015\projects\emulatorprojectchip-8\emulatorprojectchip-8\gameboy.h(7): error C2653: 'Gameboy': is not a class or namespace name
c:\users\adminuser.useradmin-pc\documents\visual studio 2015\projects\emulatorprojectchip-8\emulatorprojectchip-8\gameboy.h(7): error C2645: no qualified name for pointer to member (found ':: *')
c:\users\adminuser.useradmin-pc\documents\visual studio 2015\projects\emulatorprojectchip-8\emulatorprojectchip-8\gameboy.h(19): warning C4305: 'initializing': truncation from 'int' to 'uint8_t'
c:\users\adminuser.useradmin-pc\documents\visual studio 2015\projects\emulatorprojectchip-8\emulatorprojectchip-8\gameboy.h(19): warning C4309: 'initializing': truncation of constant value
c:\users\adminuser.useradmin-pc\documents\visual studio 2015\projects\emulatorprojectchip-8\emulatorprojectchip-8\gameboy.h(20): warning C4305: 'initializing': truncation from 'int' to 'uint8_t'
c:\users\adminuser.useradmin-pc\documents\visual studio 2015\projects\emulatorprojectchip-8\emulatorprojectchip-8\gameboy.h(20): warning C4309: 'initializing': truncation of constant value
c:\users\adminuser.useradmin-pc\documents\visual studio 2015\projects\emulatorprojectchip-8\emulatorprojectchip-8\gameboy.h(21): warning C4305: 'initializing': truncation from 'int' to 'uint8_t'
c:\users\adminuser.useradmin-pc\documents\visual studio 2015\projects\emulatorprojectchip-8\emulatorprojectchip-8\gameboy.h(21): warning C4309: 'initializing': truncation of constant value
c:\users\adminuser.useradmin-pc\documents\visual studio 2015\projects\emulatorprojectchip-8\emulatorprojectchip-8\gameboy.h(22): warning C4305: 'initializing': truncation from 'int' to 'uint8_t'
c:\users\adminuser.useradmin-pc\documents\visual studio 2015\projects\emulatorprojectchip-8\emulatorprojectchip-8\gameboy.h(22): warning C4309: 'initializing': truncation of constant value
c:\users\adminuser.useradmin-pc\documents\visual studio 2015\projects\emulatorprojectchip-8\emulatorprojectchip-8\gameboy.h(25): warning C4305: 'initializing': truncation from 'int' to 'uint8_t'
c:\users\adminuser.useradmin-pc\documents\visual studio 2015\projects\emulatorprojectchip-8\emulatorprojectchip-8\gameboy.h(25): warning C4309: 'initializing': truncation of constant value
c:\users\adminuser.useradmin-pc\documents\visual studio 2015\projects\emulatorprojectchip-8\emulatorprojectchip-8\gameboy.h(26): warning C4305: 'initializing': truncation from 'int' to 'uint8_t'
c:\users\adminuser.useradmin-pc\documents\visual studio 2015\projects\emulatorprojectchip-8\emulatorprojectchip-8\gameboy.h(26): warning C4309: 'initializing': truncation of constant value
c:\users\adminuser.useradmin-pc\documents\visual studio 2015\projects\emulatorprojectchip-8\emulatorprojectchip-8\gameboy.h(27): warning C4305: 'initializing': truncation from 'int' to 'uint8_t'
c:\users\adminuser.useradmin-pc\documents\visual studio 2015\projects\emulatorprojectchip-8\emulatorprojectchip-8\gameboy.h(27): warning C4309: 'initializing': truncation of constant value
c:\users\adminuser.useradmin-pc\documents\visual studio 2015\projects\emulatorprojectchip-8\emulatorprojectchip-8\gameboy.h(28): warning C4305: 'initializing': truncation from 'int' to 'uint8_t'
c:\users\adminuser.useradmin-pc\documents\visual studio 2015\projects\emulatorprojectchip-8\emulatorprojectchip-8\gameboy.h(28): warning C4309: 'initializing': truncation of constant value
c:\users\adminuser.useradmin-pc\documents\visual studio 2015\projects\emulatorprojectchip-8\emulatorprojectchip-8\gameboy.cpp(538): error C2084: function 'int Gameboy::LD_A_nn(void)' already has a body
  c:\users\adminuser.useradmin-pc\documents\visual studio 2015\projects\emulatorprojectchip-8\emulatorprojectchip-8\gameboy.cpp(495): note: see previous definition of 'LD_A_nn'
c:\users\adminuser.useradmin-pc\documents\visual studio 2015\projects\emulatorprojectchip-8\emulatorprojectchip-8\gameboy.cpp(588): error C2297: '->*': illegal, right operand has type 'method_ptr'
c:\users\adminuser.useradmin-pc\documents\visual studio 2015\projects\emulatorprojectchip-8\emulatorprojectchip-8\gameboy.cpp(716): error C2440: '=': cannot convert from 'int (__thiscall Gameboy::* )(void)' to 'method_ptr'
  c:\users\adminuser.useradmin-pc\documents\visual studio 2015\projects\emulatorprojectchip-8\emulatorprojectchip-8\gameboy.cpp(716): note: There is no context in which this conversion is possible
c:\users\adminuser.useradmin-pc\documents\visual studio 2015\projects\emulatorprojectchip-8\emulatorprojectchip-8\gameboy.cpp(719): error C2440: '=': cannot convert from 'int (__thiscall Gameboy::* )(void)' to 'method_ptr'
  c:\users\adminuser.useradmin-pc\documents\visual studio 2015\projects\emulatorprojectchip-8\emulatorprojectchip-8\gameboy.cpp(719): note: There is no context in which this conversion is possible
c:\users\adminuser.useradmin-pc\documents\visual studio 2015\projects\emulatorprojectchip-8\emulatorprojectchip-8\gameboy.cpp(720): error C2440: '=': cannot convert from 'int (__thiscall Gameboy::* )(void)' to 'method_ptr'
  c:\users\adminuser.useradmin-pc\documents\visual studio 2015\projects\emulatorprojectchip-8\emulatorprojectchip-8\gameboy.cpp(720): note: There is no context in which this conversion is possible
c:\users\adminuser.useradmin-pc\documents\visual studio 2015\projects\emulatorprojectchip-8\emulatorprojectchip-8\gameboy.cpp(721): error C2440: '=': cannot convert from 'int (__thiscall Gameboy::* )(void)' to 'method_ptr'
  c:\users\adminuser.useradmin-pc\documents\visual studio 2015\projects\emulatorprojectchip-8\emulatorprojectchip-8\gameboy.cpp(721): note: There is no context in which this conversion is possible
c:\users\adminuser.useradmin-pc\documents\visual studio 2015\projects\emulatorprojectchip-8\emulatorprojectchip-8\gameboy.cpp(722): error C2440: '=': cannot convert from 'int (__thiscall Gameboy::* )(void)' to 'method_ptr'
  c:\users\adminuser.useradmin-pc\documents\visual studio 2015\projects\emulatorprojectchip-8\emulatorprojectchip-8\gameboy.cpp(722): note: There is no context in which this conversion is possible
c:\users\adminuser.useradmin-pc\documents\visual studio 2015\projects\emulatorprojectchip-8\emulatorprojectchip-8\gameboy.cpp(723): error C2440: '=': cannot convert from 'int (__thiscall Gameboy::* )(void)' to 'method_ptr'
  c:\users\adminuser.useradmin-pc\documents\visual studio 2015\projects\emulatorprojectchip-8\emulatorprojectchip-8\gameboy.cpp(723): note: There is no context in which this conversion is possible
c:\users\adminuser.useradmin-pc\documents\visual studio 2015\projects\emulatorprojectchip-8\emulatorprojectchip-8\gameboy.cpp(724): error C2440: '=': cannot convert from 'int (__thiscall Gameboy::* )(void)' to 'method_ptr'
  c:\users\adminuser.useradmin-pc\documents\visual studio 2015\projects\emulatorprojectchip-8\emulatorprojectchip-8\gameboy.cpp(724): note: There is no context in which this conversion is possible
c:\users\adminuser.useradmin-pc\documents\visual studio 2015\projects\emulatorprojectchip-8\emulatorprojectchip-8\gameboy.cpp(725): error C2440: '=': cannot convert from 'int (__thiscall Gameboy::* )(void)' to 'method_ptr'
  c:\users\adminuser.useradmin-pc\documents\visual studio 2015\projects\emulatorprojectchip-8\emulatorprojectchip-8\gameboy.cpp(725): note: There is no context in which this conversion is possible
c:\users\adminuser.useradmin-pc\documents\visual studio 2015\projects\emulatorprojectchip-8\emulatorprojectchip-8\gameboy.cpp(726): error C2440: '=': cannot convert from 'int (__thiscall Gameboy::* )(void)' to 'method_ptr'
  c:\users\adminuser.useradmin-pc\documents\visual studio 2015\projects\emulatorprojectchip-8\emulatorprojectchip-8\gameboy.cpp(726): note: There is no context in which this conversion is possible
c:\users\adminuser.useradmin-pc\documents\visual studio 2015\projects\emulatorprojectchip-8\emulatorprojectchip-8\gameboy.cpp(727): error C2440: '=': cannot convert from 'int (__thiscall Gameboy::* )(void)' to 'method_ptr'
  c:\users\adminuser.useradmin-pc\documents\visual studio 2015\projects\emulatorprojectchip-8\emulatorprojectchip-8\gameboy.cpp(727): note: There is no context in which this conversion is possible
c:\users\adminuser.useradmin-pc\documents\visual studio 2015\projects\emulatorprojectchip-8\emulatorprojectchip-8\gameboy.cpp(728): error C2440: '=': cannot convert from 'int (__thiscall Gameboy::* )(void)' to 'method_ptr'
  c:\users\adminuser.useradmin-pc\documents\visual studio 2015\projects\emulatorprojectchip-8\emulatorprojectchip-8\gameboy.cpp(728): note: There is no context in which this conversion is possible
c:\users\adminuser.useradmin-pc\documents\visual studio 2015\projects\emulatorprojectchip-8\emulatorprojectchip-8\gameboy.cpp(729): error C2440: '=': cannot convert from 'int (__thiscall Gameboy::* )(void)' to 'method_ptr'
  c:\users\adminuser.useradmin-pc\documents\visual studio 2015\projects\emulatorprojectchip-8\emulatorprojectchip-8\gameboy.cpp(729): note: There is no context in which this conversion is possible
c:\users\adminuser.useradmin-pc\documents\visual studio 2015\projects\emulatorprojectchip-8\emulatorprojectchip-8\gameboy.cpp(730): error C2440: '=': cannot convert from 'int (__thiscall Gameboy::* )(void)' to 'method_ptr'
  c:\users\adminuser.useradmin-pc\documents\visual studio 2015\projects\emulatorprojectchip-8\emulatorprojectchip-8\gameboy.cpp(730): note: There is no context in which this conversion is possible
c:\users\adminuser.useradmin-pc\documents\visual studio 2015\projects\emulatorprojectchip-8\emulatorprojectchip-8\gameboy.cpp(731): error C2440: '=': cannot convert from 'int (__thiscall Gameboy::* )(void)' to 'method_ptr'
  c:\users\adminuser.useradmin-pc\documents\visual studio 2015\projects\emulatorprojectchip-8\emulatorprojectchip-8\gameboy.cpp(731): note: There is no context in which this conversion is possible
c:\users\adminuser.useradmin-pc\documents\visual studio 2015\projects\emulatorprojectchip-8\emulatorprojectchip-8\gameboy.cpp(732): error C2440: '=': cannot convert from 'int (__thiscall Gameboy::* )(void)' to 'method_ptr'
  c:\users\adminuser.useradmin-pc\documents\visual studio 2015\projects\emulatorprojectchip-8\emulatorprojectchip-8\gameboy.cpp(732): note: There is no context in which this conversion is possible
c:\users\adminuser.useradmin-pc\documents\visual studio 2015\projects\emulatorprojectchip-8\emulatorprojectchip-8\gameboy.cpp(733): error C2440: '=': cannot convert from 'int (__thiscall Gameboy::* )(void)' to 'method_ptr'
  c:\users\adminuser.useradmin-pc\documents\visual studio 2015\projects\emulatorprojectchip-8\emulatorprojectchip-8\gameboy.cpp(733): note: There is no context in which this conversion is possible
c:\users\adminuser.useradmin-pc\documents\visual studio 2015\projects\emulatorprojectchip-8\emulatorprojectchip-8\gameboy.cpp(734): error C2440: '=': cannot convert from 'int (__thiscall Gameboy::* )(void)' to 'method_ptr'
  c:\users\adminuser.useradmin-pc\documents\visual studio 2015\projects\emulatorprojectchip-8\emulatorprojectchip-8\gameboy.cpp(734): note: There is no context in which this conversion is possible
c:\users\adminuser.useradmin-pc\documents\visual studio 2015\projects\emulatorprojectchip-8\emulatorprojectchip-8\gameboy.cpp(735): error C2440: '=': cannot convert from 'int (__thiscall Gameboy::* )(void)' to 'method_ptr'
  c:\users\adminuser.useradmin-pc\documents\visual studio 2015\projects\emulatorprojectchip-8\emulatorprojectchip-8\gameboy.cpp(735): note: There is no context in which this conversion is possible
c:\users\adminuser.useradmin-pc\documents\visual studio 2015\projects\emulatorprojectchip-8\emulatorprojectchip-8\gameboy.cpp(736): error C2440: '=': cannot convert from 'int (__thiscall Gameboy::* )(void)' to 'method_ptr'
  c:\users\adminuser.useradmin-pc\documents\visual studio 2015\projects\emulatorprojectchip-8\emulatorprojectchip-8\gameboy.cpp(736): note: There is no context in which this conversion is possible
c:\users\adminuser.useradmin-pc\documents\visual studio 2015\projects\emulatorprojectchip-8\emulatorprojectchip-8\gameboy.cpp(737): error C2440: '=': cannot convert from 'int (__thiscall Gameboy::* )(void)' to 'method_ptr'
  c:\users\adminuser.useradmin-pc\documents\visual studio 2015\projects\emulatorprojectchip-8\emulatorprojectchip-8\gameboy.cpp(737): note: There is no context in which this conversion is possible
c:\users\adminuser.useradmin-pc\documents\visual studio 2015\projects\emulatorprojectchip-8\emulatorprojectchip-8\gameboy.cpp(738): error C2440: '=': cannot convert from 'int (__thiscall Gameboy::* )(void)' to 'method_ptr'
  c:\users\adminuser.useradmin-pc\documents\visual studio 2015\projects\emulatorprojectchip-8\emulatorprojectchip-8\gameboy.cpp(738): note: There is no context in which this conversion is possible
c:\users\adminuser.useradmin-pc\documents\visual studio 2015\projects\emulatorprojectchip-8\emulatorprojectchip-8\gameboy.cpp(739): error C2440: '=': cannot convert from 'int (__thiscall Gameboy::* )(void)' to 'method_ptr'
  c:\users\adminuser.useradmin-pc\documents\visual studio 2015\projects\emulatorprojectchip-8\emulatorprojectchip-8\gameboy.cpp(739): note: There is no context in which this conversion is possible
c:\users\adminuser.useradmin-pc\documents\visual studio 2015\projects\emulatorprojectchip-8\emulatorprojectchip-8\gameboy.cpp(740): error C2440: '=': cannot convert from 'int (__thiscall Gameboy::* )(void)' to 'method_ptr'
  c:\users\adminuser.useradmin-pc\documents\visual studio 2015\projects\emulatorprojectchip-8\emulatorprojectchip-8\gameboy.cpp(740): note: There is no context in which this conversion is possible
c:\users\adminuser.useradmin-pc\documents\visual studio 2015\projects\emulatorprojectchip-8\emulatorprojectchip-8\gameboy.cpp(741): error C2440: '=': cannot convert from 'int (__thiscall Gameboy::* )(void)' to 'method_ptr'
  c:\users\adminuser.useradmin-pc\documents\visual studio 2015\projects\emulatorprojectchip-8\emulatorprojectchip-8\gameboy.cpp(741): note: There is no context in which this conversion is possible
c:\users\adminuser.useradmin-pc\documents\visual studio 2015\projects\emulatorprojectchip-8\emulatorprojectchip-8\gameboy.cpp(742): error C2440: '=': cannot convert from 'int (__thiscall Gameboy::* )(void)' to 'method_ptr'
  c:\users\adminuser.useradmin-pc\documents\visual studio 2015\projects\emulatorprojectchip-8\emulatorprojectchip-8\gameboy.cpp(742): note: There is no context in which this conversion is possible
c:\users\adminuser.useradmin-pc\documents\visual studio 2015\projects\emulatorprojectchip-8\emulatorprojectchip-8\gameboy.cpp(743): error C2440: '=': cannot convert from 'int (__thiscall Gameboy::* )(void)' to 'method_ptr'
  c:\users\adminuser.useradmin-pc\documents\visual studio 2015\projects\emulatorprojectchip-8\emulatorprojectchip-8\gameboy.cpp(743): note: There is no context in which this conversion is possible
c:\users\adminuser.useradmin-pc\documents\visual studio 2015\projects\emulatorprojectchip-8\emulatorprojectchip-8\gameboy.cpp(744): error C2440: '=': cannot convert from 'int (__thiscall Gameboy::* )(void)' to 'method_ptr'
  c:\users\adminuser.useradmin-pc\documents\visual studio 2015\projects\emulatorprojectchip-8\emulatorprojectchip-8\gameboy.cpp(744): note: There is no context in which this conversion is possible
c:\users\adminuser.useradmin-pc\documents\visual studio 2015\projects\emulatorprojectchip-8\emulatorprojectchip-8\gameboy.cpp(745): error C2440: '=': cannot convert from 'int (__thiscall Gameboy::* )(void)' to 'method_ptr'
  c:\users\adminuser.useradmin-pc\documents\visual studio 2015\projects\emulatorprojectchip-8\emulatorprojectchip-8\gameboy.cpp(745): note: There is no context in which this conversion is possible
c:\users\adminuser.useradmin-pc\documents\visual studio 2015\projects\emulatorprojectchip-8\emulatorprojectchip-8\gameboy.cpp(746): error C2440: '=': cannot convert from 'int (__thiscall Gameboy::* )(void)' to 'method_ptr'
  c:\users\adminuser.useradmin-pc\documents\visual studio 2015\projects\emulatorprojectchip-8\emulatorprojectchip-8\gameboy.cpp(746): note: There is no context in which this conversion is possible
c:\users\adminuser.useradmin-pc\documents\visual studio 2015\projects\emulatorprojectchip-8\emulatorprojectchip-8\gameboy.cpp(747): error C2440: '=': cannot convert from 'int (__thiscall Gameboy::* )(void)' to 'method_ptr'
  c:\users\adminuser.useradmin-pc\documents\visual studio 2015\projects\emulatorprojectchip-8\emulatorprojectchip-8\gameboy.cpp(747): note: There is no context in which this conversion is possible
c:\users\adminuser.useradmin-pc\documents\visual studio 2015\projects\emulatorprojectchip-8\emulatorprojectchip-8\gameboy.cpp(748): error C2440: '=': cannot convert from 'int (__thiscall Gameboy::* )(void)' to 'method_ptr'
  c:\users\adminuser.useradmin-pc\documents\visual studio 2015\projects\emulatorprojectchip-8\emulatorprojectchip-8\gameboy.cpp(748): note: There is no context in which this conversion is possible
c:\users\adminuser.useradmin-pc\documents\visual studio 2015\projects\emulatorprojectchip-8\emulatorprojectchip-8\gameboy.cpp(749): error C2440: '=': cannot convert from 'int (__thiscall Gameboy::* )(void)' to 'method_ptr'
  c:\users\adminuser.useradmin-pc\documents\visual studio 2015\projects\emulatorprojectchip-8\emulatorprojectchip-8\gameboy.cpp(749): note: There is no context in which this conversion is possible
c:\users\adminuser.useradmin-pc\documents\visual studio 2015\projects\emulatorprojectchip-8\emulatorprojectchip-8\gameboy.cpp(750): error C2440: '=': cannot convert from 'int (__thiscall Gameboy::* )(void)' to 'method_ptr'
  c:\users\adminuser.useradmin-pc\documents\visual studio 2015\projects\emulatorprojectchip-8\emulatorprojectchip-8\gameboy.cpp(750): note: There is no context in which this conversion is possible
c:\users\adminuser.useradmin-pc\documents\visual studio 2015\projects\emulatorprojectchip-8\emulatorprojectchip-8\gameboy.cpp(751): error C2440: '=': cannot convert from 'int (__thiscall Gameboy::* )(void)' to 'method_ptr'
  c:\users\adminuser.useradmin-pc\documents\visual studio 2015\projects\emulatorprojectchip-8\emulatorprojectchip-8\gameboy.cpp(751): note: There is no context in which this conversion is possible
c:\users\adminuser.useradmin-pc\documents\visual studio 2015\projects\emulatorprojectchip-8\emulatorprojectchip-8\gameboy.cpp(752): error C2440: '=': cannot convert from 'int (__thiscall Gameboy::* )(void)' to 'method_ptr'
  c:\users\adminuser.useradmin-pc\documents\visual studio 2015\projects\emulatorprojectchip-8\emulatorprojectchip-8\gameboy.cpp(752): note: There is no context in which this conversion is possible
c:\users\adminuser.useradmin-pc\documents\visual studio 2015\projects\emulatorprojectchip-8\emulatorprojectchip-8\gameboy.cpp(753): error C2440: '=': cannot convert from 'int (__thiscall Gameboy::* )(void)' to 'method_ptr'
  c:\users\adminuser.useradmin-pc\documents\visual studio 2015\projects\emulatorprojectchip-8\emulatorprojectchip-8\gameboy.cpp(753): note: There is no context in which this conversion is possible
c:\users\adminuser.useradmin-pc\documents\visual studio 2015\projects\emulatorprojectchip-8\emulatorprojectchip-8\gameboy.cpp(754): error C2440: '=': cannot convert from 'int (__thiscall Gameboy::* )(void)' to 'method_ptr'
  c:\users\adminuser.useradmin-pc\documents\visual studio 2015\projects\emulatorprojectchip-8\emulatorprojectchip-8\gameboy.cpp(754): note: There is no context in which this conversion is possible
c:\users\adminuser.useradmin-pc\documents\visual studio 2015\projects\emulatorprojectchip-8\emulatorprojectchip-8\gameboy.cpp(755): error C2440: '=': cannot convert from 'int (__thiscall Gameboy::* )(void)' to 'method_ptr'
  c:\users\adminuser.useradmin-pc\documents\visual studio 2015\projects\emulatorprojectchip-8\emulatorprojectchip-8\gameboy.cpp(755): note: There is no context in which this conversion is possible
c:\users\adminuser.useradmin-pc\documents\visual studio 2015\projects\emulatorprojectchip-8\emulatorprojectchip-8\gameboy.cpp(756): error C2440: '=': cannot convert from 'int (__thiscall Gameboy::* )(void)' to 'method_ptr'
  c:\users\adminuser.useradmin-pc\documents\visual studio 2015\projects\emulatorprojectchip-8\emulatorprojectchip-8\gameboy.cpp(756): note: There is no context in which this conversion is possible
c:\users\adminuser.useradmin-pc\documents\visual studio 2015\projects\emulatorprojectchip-8\emulatorprojectchip-8\gameboy.cpp(757): error C2440: '=': cannot convert from 'int (__thiscall Gameboy::* )(void)' to 'method_ptr'
  c:\users\adminuser.useradmin-pc\documents\visual studio 2015\projects\emulatorprojectchip-8\emulatorprojectchip-8\gameboy.cpp(757): note: There is no context in which this conversion is possible
c:\users\adminuser.useradmin-pc\documents\visual studio 2015\projects\emulatorprojectchip-8\emulatorprojectchip-8\gameboy.cpp(758): error C2440: '=': cannot convert from 'int (__thiscall Gameboy::* )(void)' to 'method_ptr'
  c:\users\adminuser.useradmin-pc\documents\visual studio 2015\projects\emulatorprojectchip-8\emulatorprojectchip-8\gameboy.cpp(758): note: There is no context in which this conversion is possible
c:\users\adminuser.useradmin-pc\documents\visual studio 2015\projects\emulatorprojectchip-8\emulatorprojectchip-8\gameboy.cpp(759): error C2440: '=': cannot convert from 'int (__thiscall Gameboy::* )(void)' to 'method_ptr'
  c:\users\adminuser.useradmin-pc\documents\visual studio 2015\projects\emulatorprojectchip-8\emulatorprojectchip-8\gameboy.cpp(759): note: There is no context in which this conversion is possible
c:\users\adminuser.useradmin-pc\documents\visual studio 2015\projects\emulatorprojectchip-8\emulatorprojectchip-8\gameboy.cpp(760): error C2440: '=': cannot convert from 'int (__thiscall Gameboy::* )(void)' to 'method_ptr'
  c:\users\adminuser.useradmin-pc\documents\visual studio 2015\projects\emulatorprojectchip-8\emulatorprojectchip-8\gameboy.cpp(760): note: There is no context in which this conversion is possible
c:\users\adminuser.useradmin-pc\documents\visual studio 2015\projects\emulatorprojectchip-8\emulatorprojectchip-8\gameboy.cpp(761): error C2440: '=': cannot convert from 'int (__thiscall Gameboy::* )(void)' to 'method_ptr'
  c:\users\adminuser.useradmin-pc\documents\visual studio 2015\projects\emulatorprojectchip-8\emulatorprojectchip-8\gameboy.cpp(761): note: There is no context in which this conversion is possible
c:\users\adminuser.useradmin-pc\documents\visual studio 2015\projects\emulatorprojectchip-8\emulatorprojectchip-8\gameboy.cpp(762): error C2440: '=': cannot convert from 'int (__thiscall Gameboy::* )(void)' to 'method_ptr'
  c:\users\adminuser.useradmin-pc\documents\visual studio 2015\projects\emulatorprojectchip-8\emulatorprojectchip-8\gameboy.cpp(762): note: There is no context in which this conversion is possible
c:\users\adminuser.useradmin-pc\documents\visual studio 2015\projects\emulatorprojectchip-8\emulatorprojectchip-8\gameboy.cpp(763): error C2440: '=': cannot convert from 'int (__thiscall Gameboy::* )(void)' to 'method_ptr'
  c:\users\adminuser.useradmin-pc\documents\visual studio 2015\projects\emulatorprojectchip-8\emulatorprojectchip-8\gameboy.cpp(763): note: There is no context in which this conversion is possible
c:\users\adminuser.useradmin-pc\documents\visual studio 2015\projects\emulatorprojectchip-8\emulatorprojectchip-8\gameboy.cpp(764): error C2440: '=': cannot convert from 'int (__thiscall Gameboy::* )(void)' to 'method_ptr'
  c:\users\adminuser.useradmin-pc\documents\visual studio 2015\projects\emulatorprojectchip-8\emulatorprojectchip-8\gameboy.cpp(764): note: There is no context in which this conversion is possible
c:\users\adminuser.useradmin-pc\documents\visual studio 2015\projects\emulatorprojectchip-8\emulatorprojectchip-8\gameboy.cpp(765): error C2440: '=': cannot convert from 'int (__thiscall Gameboy::* )(void)' to 'method_ptr'
  c:\users\adminuser.useradmin-pc\documents\visual studio 2015\projects\emulatorprojectchip-8\emulatorprojectchip-8\gameboy.cpp(765): note: There is no context in which this conversion is possible
c:\users\adminuser.useradmin-pc\documents\visual studio 2015\projects\emulatorprojectchip-8\emulatorprojectchip-8\gameboy.cpp(766): error C2440: '=': cannot convert from 'int (__thiscall Gameboy::* )(void)' to 'method_ptr'
  c:\users\adminuser.useradmin-pc\documents\visual studio 2015\projects\emulatorprojectchip-8\emulatorprojectchip-8\gameboy.cpp(766): note: There is no context in which this conversion is possible
c:\users\adminuser.useradmin-pc\documents\visual studio 2015\projects\emulatorprojectchip-8\emulatorprojectchip-8\gameboy.cpp(767): error C2440: '=': cannot convert from 'int (__thiscall Gameboy::* )(void)' to 'method_ptr'
  c:\users\adminuser.useradmin-pc\documents\visual studio 2015\projects\emulatorprojectchip-8\emulatorprojectchip-8\gameboy.cpp(767): note: There is no context in which this conversion is possible
c:\users\adminuser.useradmin-pc\documents\visual studio 2015\projects\emulatorprojectchip-8\emulatorprojectchip-8\gameboy.cpp(769): error C2440: '=': cannot convert from 'int (__thiscall Gameboy::* )(void)' to 'method_ptr'
  c:\users\adminuser.useradmin-pc\documents\visual studio 2015\projects\emulatorprojectchip-8\emulatorprojectchip-8\gameboy.cpp(769): note: There is no context in which this conversion is possible
c:\users\adminuser.useradmin-pc\documents\visual studio 2015\projects\emulatorprojectchip-8\emulatorprojectchip-8\gameboy.cpp(770): error C2440: '=': cannot convert from 'int (__thiscall Gameboy::* )(void)' to 'method_ptr'
  c:\users\adminuser.useradmin-pc\documents\visual studio 2015\projects\emulatorprojectchip-8\emulatorprojectchip-8\gameboy.cpp(770): note: There is no context in which this conversion is possible
c:\users\adminuser.useradmin-pc\documents\visual studio 2015\projects\emulatorprojectchip-8\emulatorprojectchip-8\gameboy.cpp(771): error C2440: '=': cannot convert from 'int (__thiscall Gameboy::* )(void)' to 'method_ptr'
  c:\users\adminuser.useradmin-pc\documents\visual studio 2015\projects\emulatorprojectchip-8\emulatorprojectchip-8\gameboy.cpp(771): note: There is no context in which this conversion is possible
c:\users\adminuser.useradmin-pc\documents\visual studio 2015\projects\emulatorprojectchip-8\emulatorprojectchip-8\gameboy.cpp(772): error C2440: '=': cannot convert from 'int (__thiscall Gameboy::* )(void)' to 'method_ptr'
  c:\users\adminuser.useradmin-pc\documents\visual studio 2015\projects\emulatorprojectchip-8\emulatorprojectchip-8\gameboy.cpp(772): note: There is no context in which this conversion is possible
c:\users\adminuser.useradmin-pc\documents\visual studio 2015\projects\emulatorprojectchip-8\emulatorprojectchip-8\gameboy.cpp(773): error C2440: '=': cannot convert from 'int (__thiscall Gameboy::* )(void)' to 'method_ptr'
  c:\users\adminuser.useradmin-pc\documents\visual studio 2015\projects\emulatorprojectchip-8\emulatorprojectchip-8\gameboy.cpp(773): note: There is no context in which this conversion is possible
c:\users\adminuser.useradmin-pc\documents\visual studio 2015\projects\emulatorprojectchip-8\emulatorprojectchip-8\gameboy.cpp(774): error C2440: '=': cannot convert from 'int (__thiscall Gameboy::* )(void)' to 'method_ptr'
  c:\users\adminuser.useradmin-pc\documents\visual studio 2015\projects\emulatorprojectchip-8\emulatorprojectchip-8\gameboy.cpp(774): note: There is no context in which this conversion is possible
c:\users\adminuser.useradmin-pc\documents\visual studio 2015\projects\emulatorprojectchip-8\emulatorprojectchip-8\gameboy.cpp(777): error C2440: '=': cannot convert from 'int (__thiscall Gameboy::* )(void)' to 'method_ptr'
  c:\users\adminuser.useradmin-pc\documents\visual studio 2015\projects\emulatorprojectchip-8\emulatorprojectchip-8\gameboy.cpp(777): note: There is no context in which this conversion is possible
c:\users\adminuser.useradmin-pc\documents\visual studio 2015\projects\emulatorprojectchip-8\emulatorprojectchip-8\gameboy.cpp(778): error C2440: '=': cannot convert from 'int (__thiscall Gameboy::* )(void)' to 'method_ptr'
  c:\users\adminuser.useradmin-pc\documents\visual studio 2015\projects\emulatorprojectchip-8\emulatorprojectchip-8\gameboy.cpp(778): note: There is no context in which this conversion is possible
c:\users\adminuser.useradmin-pc\documents\visual studio 2015\projects\emulatorprojectchip-8\emulatorprojectchip-8\gameboy.cpp(779): error C2440: '=': cannot convert from 'int (__thiscall Gameboy::* )(void)' to 'method_ptr'
  c:\users\adminuser.useradmin-pc\documents\visual studio 2015\projects\emulatorprojectchip-8\emulatorprojectchip-8\gameboy.cpp(779): note: There is no context in which this conversion is possible
c:\users\adminuser.useradmin-pc\documents\visual studio 2015\projects\emulatorprojectchip-8\emulatorprojectchip-8\gameboy.cpp(780): error C2440: '=': cannot convert from 'int (__thiscall Gameboy::* )(void)' to 'method_ptr'
  c:\users\adminuser.useradmin-pc\documents\visual studio 2015\projects\emulatorprojectchip-8\emulatorprojectchip-8\gameboy.cpp(780): note: There is no context in which this conversion is possible
c:\users\adminuser.useradmin-pc\documents\visual studio 2015\projects\emulatorprojectchip-8\emulatorprojectchip-8\gameboy.cpp(781): error C2440: '=': cannot convert from 'int (__thiscall Gameboy::* )(void)' to 'method_ptr'
  c:\users\adminuser.useradmin-pc\documents\visual studio 2015\projects\emulatorprojectchip-8\emulatorprojectchip-8\gameboy.cpp(781): note: There is no context in which this conversion is possible
c:\users\adminuser.useradmin-pc\documents\visual studio 2015\projects\emulatorprojectchip-8\emulatorprojectchip-8\gameboy.cpp(782): error C2440: '=': cannot convert from 'int (__thiscall Gameboy::* )(void)' to 'method_ptr'
  c:\users\adminuser.useradmin-pc\documents\visual studio 2015\projects\emulatorprojectchip-8\emulatorprojectchip-8\gameboy.cpp(782): note: There is no context in which this conversion is possible
c:\users\adminuser.useradmin-pc\documents\visual studio 2015\projects\emulatorprojectchip-8\emulatorprojectchip-8\gameboy.cpp(783): error C2440: '=': cannot convert from 'int (__thiscall Gameboy::* )(void)' to 'method_ptr'
  c:\users\adminuser.useradmin-pc\documents\visual studio 2015\projects\emulatorprojectchip-8\emulatorprojectchip-8\gameboy.cpp(783): note: There is no context in which this conversion is possible
c:\users\adminuser.useradmin-pc\documents\visual studio 2015\projects\emulatorprojectchip-8\emulatorprojectchip-8\gameboy.cpp(786): error C2440: '=': cannot convert from 'int (__thiscall Gameboy::* )(void)' to 'method_ptr'
  c:\users\adminuser.useradmin-pc\documents\visual studio 2015\projects\emulatorprojectchip-8\emulatorprojectchip-8\gameboy.cpp(786): note: There is no context in which this conversion is possible
c:\users\adminuser.useradmin-pc\documents\visual studio 2015\projects\emulatorprojectchip-8\emulatorprojectchip-8\gameboy.cpp(787): error C2440: '=': cannot convert from 'int (__thiscall Gameboy::* )(void)' to 'method_ptr'
  c:\users\adminuser.useradmin-pc\documents\visual studio 2015\projects\emulatorprojectchip-8\emulatorprojectchip-8\gameboy.cpp(787): note: There is no context in which this conversion is possible
c:\users\adminuser.useradmin-pc\documents\visual studio 2015\projects\emulatorprojectchip-8\emulatorprojectchip-8\gameboy.cpp(788): error C2440: '=': cannot convert from 'int (__thiscall Gameboy::* )(void)' to 'method_ptr'
  c:\users\adminuser.useradmin-pc\documents\visual studio 2015\projects\emulatorprojectchip-8\emulatorprojectchip-8\gameboy.cpp(788): note: There is no context in which this conversion is possible
c:\users\adminuser.useradmin-pc\documents\visual studio 2015\projects\emulatorprojectchip-8\emulatorprojectchip-8\gameboy.cpp(789): error C2440: '=': cannot convert from 'int (__thiscall Gameboy::* )(void)' to 'method_ptr'
  c:\users\adminuser.useradmin-pc\documents\visual studio 2015\projects\emulatorprojectchip-8\emulatorprojectchip-8\gameboy.cpp(789): note: There is no context in which this conversion is possible
c:\users\adminuser.useradmin-pc\documents\visual studio 2015\projects\emulatorprojectchip-8\emulatorprojectchip-8\gameboy.cpp(790): error C2440: '=': cannot convert from 'int (__thiscall Gameboy::* )(void)' to 'method_ptr'
  c:\users\adminuser.useradmin-pc\documents\visual studio 2015\projects\emulatorprojectchip-8\emulatorprojectchip-8\gameboy.cpp(790): note: There is no context in which this conversion is possible
c:\users\adminuser.useradmin-pc\documents\visual studio 2015\projects\emulatorprojectchip-8\emulatorprojectchip-8\gameboy.cpp(791): error C2440: '=': cannot convert from 'int (__thiscall Gameboy::* )(void)' to 'method_ptr'
  c:\users\adminuser.useradmin-pc\documents\visual studio 2015\projects\emulatorprojectchip-8\emulatorprojectchip-8\gameboy.cpp(791): note: There is no context in which this conversion is possible
c:\users\adminuser.useradmin-pc\documents\visual studio 2015\projects\emulatorprojectchip-8\emulatorprojectchip-8\gameboy.cpp(792): error C2440: '=': cannot convert from 'int (__thiscall Gameboy::* )(void)' to 'method_ptr'
  c:\users\adminuser.useradmin-pc\documents\visual studio 2015\projects\emulatorprojectchip-8\emulatorprojectchip-8\gameboy.cpp(792): note: There is no context in which this conversion is possible
c:\users\adminuser.useradmin-pc\documents\visual studio 2015\projects\emulatorprojectchip-8\emulatorprojectchip-8\gameboy.cpp(793): error C2440: '=': cannot convert from 'int (__thiscall Gameboy::* )(void)' to 'method_ptr'
  c:\users\adminuser.useradmin-pc\documents\visual studio 2015\projects\emulatorprojectchip-8\emulatorprojectchip-8\gameboy.cpp(793): note: There is no context in which this conversion is possible
c:\users\adminuser.useradmin-pc\documents\visual studio 2015\projects\emulatorprojectchip-8\emulatorprojectchip-8\gameboy.cpp(797): error C2440: '=': cannot convert from 'int (__thiscall Gameboy::* )(void)' to 'method_ptr'
  c:\users\adminuser.useradmin-pc\documents\visual studio 2015\projects\emulatorprojectchip-8\emulatorprojectchip-8\gameboy.cpp(797): note: There is no context in which this conversion is possible
c:\users\adminuser.useradmin-pc\documents\visual studio 2015\projects\emulatorprojectchip-8\emulatorprojectchip-8\gameboy.cpp(798): error C2440: '=': cannot convert from 'int (__thiscall Gameboy::* )(void)' to 'method_ptr'
  c:\users\adminuser.useradmin-pc\documents\visual studio 2015\projects\emulatorprojectchip-8\emulatorprojectchip-8\gameboy.cpp(798): note: There is no context in which this conversion is possible
c:\users\adminuser.useradmin-pc\documents\visual studio 2015\projects\emulatorprojectchip-8\emulatorprojectchip-8\gameboy.cpp(799): error C2440: '=': cannot convert from 'int (__thiscall Gameboy::* )(void)' to 'method_ptr'
  c:\users\adminuser.useradmin-pc\documents\visual studio 2015\projects\emulatorprojectchip-8\emulatorprojectchip-8\gameboy.cpp(799): note: There is no context in which this conversion is possible
c:\users\adminuser.useradmin-pc\documents\visual studio 2015\projects\emulatorprojectchip-8\emulatorprojectchip-8\gameboy.cpp(800): error C2440: '=': cannot convert from 'int (__thiscall Gameboy::* )(void)' to 'method_ptr'
  c:\users\adminuser.useradmin-pc\documents\visual studio 2015\projects\emulatorprojectchip-8\emulatorprojectchip-8\gameboy.cpp(800): note: There is no context in which this conversion is possible
c:\users\adminuser.useradmin-pc\documents\visual studio 2015\projects\emulatorprojectchip-8\emulatorprojectchip-8\gameboy.cpp(801): error C2440: '=': cannot convert from 'int (__thiscall Gameboy::* )(void)' to 'method_ptr'
  c:\users\adminuser.useradmin-pc\documents\visual studio 2015\projects\emulatorprojectchip-8\emulatorprojectchip-8\gameboy.cpp(801): note: There is no context in which this conversion is possible
c:\users\adminuser.useradmin-pc\documents\visual studio 2015\projects\emulatorprojectchip-8\emulatorprojectchip-8\gameboy.cpp(803): error C2440: '=': cannot convert from 'int (__thiscall Gameboy::* )(void)' to 'method_ptr'
  c:\users\adminuser.useradmin-pc\documents\visual studio 2015\projects\emulatorprojectchip-8\emulatorprojectchip-8\gameboy.cpp(803): note: There is no context in which this conversion is possible
c:\users\adminuser.useradmin-pc\documents\visual studio 2015\projects\emulatorprojectchip-8\emulatorprojectchip-8\gameboy.cpp(804): error C2440: '=': cannot convert from 'int (__thiscall Gameboy::* )(void)' to 'method_ptr'
  c:\users\adminuser.useradmin-pc\documents\visual studio 2015\projects\emulatorprojectchip-8\emulatorprojectchip-8\gameboy.cpp(804): note: There is no context in which this conversion is possible
c:\users\adminuser.useradmin-pc\documents\visual studio 2015\projects\emulatorprojectchip-8\emulatorprojectchip-8\gameboy.cpp(807): error C2440: '=': cannot convert from 'int (__thiscall Gameboy::* )(void)' to 'method_ptr'
  c:\users\adminuser.useradmin-pc\documents\visual studio 2015\projects\emulatorprojectchip-8\emulatorprojectchip-8\gameboy.cpp(807): note: There is no context in which this conversion is possible
c:\users\adminuser.useradmin-pc\documents\visual studio 2015\projects\emulatorprojectchip-8\emulatorprojectchip-8\gameboy.cpp(808): error C2440: '=': cannot convert from 'int (__thiscall Gameboy::* )(void)' to 'method_ptr'
  c:\users\adminuser.useradmin-pc\documents\visual studio 2015\projects\emulatorprojectchip-8\emulatorprojectchip-8\gameboy.cpp(808): note: There is no context in which this conversion is possible
c:\users\adminuser.useradmin-pc\documents\visual studio 2015\projects\emulatorprojectchip-8\emulatorprojectchip-8\gameboy.cpp(809): error C2440: '=': cannot convert from 'int (__thiscall Gameboy::* )(void)' to 'method_ptr'
  c:\users\adminuser.useradmin-pc\documents\visual studio 2015\projects\emulatorprojectchip-8\emulatorprojectchip-8\gameboy.cpp(809): note: There is no context in which this conversion is possible
  Generating Code...
  Compiling...
  mainGameboy.cpp
c:\users\adminuser.useradmin-pc\documents\visual studio 2015\projects\emulatorprojectchip-8\emulatorprojectchip-8\gameboy.h(7): error C2653: 'Gameboy': is not a class or namespace name
c:\users\adminuser.useradmin-pc\documents\visual studio 2015\projects\emulatorprojectchip-8\emulatorprojectchip-8\gameboy.h(7): error C2645: no qualified name for pointer to member (found ':: *')
c:\users\adminuser.useradmin-pc\documents\visual studio 2015\projects\emulatorprojectchip-8\emulatorprojectchip-8\gameboy.h(19): warning C4305: 'initializing': truncation from 'int' to 'uint8_t'
c:\users\adminuser.useradmin-pc\documents\visual studio 2015\projects\emulatorprojectchip-8\emulatorprojectchip-8\gameboy.h(19): warning C4309: 'initializing': truncation of constant value
c:\users\adminuser.useradmin-pc\documents\visual studio 2015\projects\emulatorprojectchip-8\emulatorprojectchip-8\gameboy.h(20): warning C4305: 'initializing': truncation from 'int' to 'uint8_t'
c:\users\adminuser.useradmin-pc\documents\visual studio 2015\projects\emulatorprojectchip-8\emulatorprojectchip-8\gameboy.h(20): warning C4309: 'initializing': truncation of constant value
c:\users\adminuser.useradmin-pc\documents\visual studio 2015\projects\emulatorprojectchip-8\emulatorprojectchip-8\gameboy.h(21): warning C4305: 'initializing': truncation from 'int' to 'uint8_t'
c:\users\adminuser.useradmin-pc\documents\visual studio 2015\projects\emulatorprojectchip-8\emulatorprojectchip-8\gameboy.h(21): warning C4309: 'initializing': truncation of constant value
c:\users\adminuser.useradmin-pc\documents\visual studio 2015\projects\emulatorprojectchip-8\emulatorprojectchip-8\gameboy.h(22): warning C4305: 'initializing': truncation from 'int' to 'uint8_t'
c:\users\adminuser.useradmin-pc\documents\visual studio 2015\projects\emulatorprojectchip-8\emulatorprojectchip-8\gameboy.h(22): warning C4309: 'initializing': truncation of constant value
c:\users\adminuser.useradmin-pc\documents\visual studio 2015\projects\emulatorprojectchip-8\emulatorprojectchip-8\gameboy.h(25): warning C4305: 'initializing': truncation from 'int' to 'uint8_t'
c:\users\adminuser.useradmin-pc\documents\visual studio 2015\projects\emulatorprojectchip-8\emulatorprojectchip-8\gameboy.h(25): warning C4309: 'initializing': truncation of constant value
c:\users\adminuser.useradmin-pc\documents\visual studio 2015\projects\emulatorprojectchip-8\emulatorprojectchip-8\gameboy.h(26): warning C4305: 'initializing': truncation from 'int' to 'uint8_t'
c:\users\adminuser.useradmin-pc\documents\visual studio 2015\projects\emulatorprojectchip-8\emulatorprojectchip-8\gameboy.h(26): warning C4309: 'initializing': truncation of constant value
c:\users\adminuser.useradmin-pc\documents\visual studio 2015\projects\emulatorprojectchip-8\emulatorprojectchip-8\gameboy.h(27): warning C4305: 'initializing': truncation from 'int' to 'uint8_t'
c:\users\adminuser.useradmin-pc\documents\visual studio 2015\projects\emulatorprojectchip-8\emulatorprojectchip-8\gameboy.h(27): warning C4309: 'initializing': truncation of constant value
c:\users\adminuser.useradmin-pc\documents\visual studio 2015\projects\emulatorprojectchip-8\emulatorprojectchip-8\gameboy.h(28): warning C4305: 'initializing': truncation from 'int' to 'uint8_t'
c:\users\adminuser.useradmin-pc\documents\visual studio 2015\projects\emulatorprojectchip-8\emulatorprojectchip-8\gameboy.h(28): warning C4309: 'initializing': truncation of constant value
  Generating Code...
